<?xml version="1.0" encoding="UTF-8"?><testrun name="java" project="OAP_SWD_DAO" tests="25" started="25" failures="0" errors="2" ignored="0">
  <testsuite name="dao.entities.UserDaoImplTest" time="2.948">
    <testcase name="shouldUpdateUser" classname="dao.entities.UserDaoImplTest" time="2.402"/>
    <testcase name="shouldUpdateUserThrowNonUniqueDataException" classname="dao.entities.UserDaoImplTest" time="0.016"/>
    <testcase name="shouldFindUserBySurname" classname="dao.entities.UserDaoImplTest" time="0.031"/>
    <testcase name="shouldFindUserByName" classname="dao.entities.UserDaoImplTest" time="0.015"/>
    <testcase name="shouldCreateUser" classname="dao.entities.UserDaoImplTest" time="0.016"/>
    <testcase name="shouldFindUserByLogin" classname="dao.entities.UserDaoImplTest" time="0.031"/>
    <testcase name="shouldDeleteUserThrowException" classname="dao.entities.UserDaoImplTest" time="0.016"/>
    <testcase name="shouldFindUserByNameAndSurname" classname="dao.entities.UserDaoImplTest" time="0.078"/>
    <testcase name="shouldDeleteUser" classname="dao.entities.UserDaoImplTest" time="0.078"/>
    <testcase name="shouldCreateUserThrowUniqueConstraintException" classname="dao.entities.UserDaoImplTest" time="0.078"/>
    <testcase name="shouldCheckIfCorrectLogonData" classname="dao.entities.UserDaoImplTest" time="0.093"/>
    <testcase name="shouldUpdateUserThrowElementNotExistInDatabaseException" classname="dao.entities.UserDaoImplTest" time="0.047"/>
    <testcase name="shouldCreateUserThrowElementExistInDatabaseException" classname="dao.entities.UserDaoImplTest" time="0.047"/>
  </testsuite>
  <testsuite name="dao.entities.FerrymanDaoImplTest" time="0.562">
    <testcase name="shouldDeleteFerrymanThrowElementNotExistInDatabaseException" classname="dao.entities.FerrymanDaoImplTest" time="0.047"/>
    <testcase name="shouldCreateFerrymanThrowNotCompleteDataException" classname="dao.entities.FerrymanDaoImplTest" time="0.109"/>
    <testcase name="shouldUpdateFerrymanThrowNonUniqueDataException" classname="dao.entities.FerrymanDaoImplTest" time="0.109">
      <error>java.lang.Exception: Unexpected exception, expected&lt;oap.utils.exceptions.NonUniqueDataException&gt; but was&lt;java.lang.AssertionError&gt;&#13;
	at org.junit.internal.runners.statements.ExpectException.evaluate(ExpectException.java:28)&#13;
	at org.junit.internal.runners.statements.RunBefores.evaluate(RunBefores.java:26)&#13;
	at org.junit.internal.runners.statements.RunAfters.evaluate(RunAfters.java:27)&#13;
	at org.junit.runners.ParentRunner.runLeaf(ParentRunner.java:271)&#13;
	at org.junit.runners.BlockJUnit4ClassRunner.runChild(BlockJUnit4ClassRunner.java:70)&#13;
	at org.junit.runners.BlockJUnit4ClassRunner.runChild(BlockJUnit4ClassRunner.java:50)&#13;
	at org.junit.runners.ParentRunner$3.run(ParentRunner.java:238)&#13;
	at org.junit.runners.ParentRunner$1.schedule(ParentRunner.java:63)&#13;
	at org.junit.runners.ParentRunner.runChildren(ParentRunner.java:236)&#13;
	at org.junit.runners.ParentRunner.access$000(ParentRunner.java:53)&#13;
	at org.junit.runners.ParentRunner$2.evaluate(ParentRunner.java:229)&#13;
	at org.junit.runners.ParentRunner.run(ParentRunner.java:309)&#13;
	at org.eclipse.jdt.internal.junit4.runner.JUnit4TestReference.run(JUnit4TestReference.java:50)&#13;
	at org.eclipse.jdt.internal.junit.runner.TestExecution.run(TestExecution.java:38)&#13;
	at org.eclipse.jdt.internal.junit.runner.RemoteTestRunner.runTests(RemoteTestRunner.java:459)&#13;
	at org.eclipse.jdt.internal.junit.runner.RemoteTestRunner.runTests(RemoteTestRunner.java:675)&#13;
	at org.eclipse.jdt.internal.junit.runner.RemoteTestRunner.run(RemoteTestRunner.java:382)&#13;
	at org.eclipse.jdt.internal.junit.runner.RemoteTestRunner.main(RemoteTestRunner.java:192)&#13;
Caused by: java.lang.AssertionError: Not performed&#13;
	at org.junit.Assert.fail(Assert.java:88)&#13;
	at dao.entities.FerrymanDaoImplTest.shouldUpdateFerrymanThrowNonUniqueDataException(FerrymanDaoImplTest.java:137)&#13;
	at sun.reflect.NativeMethodAccessorImpl.invoke0(Native Method)&#13;
	at sun.reflect.NativeMethodAccessorImpl.invoke(Unknown Source)&#13;
	at sun.reflect.DelegatingMethodAccessorImpl.invoke(Unknown Source)&#13;
	at java.lang.reflect.Method.invoke(Unknown Source)&#13;
	at org.junit.runners.model.FrameworkMethod$1.runReflectiveCall(FrameworkMethod.java:47)&#13;
	at org.junit.internal.runners.model.ReflectiveCallable.run(ReflectiveCallable.java:12)&#13;
	at org.junit.runners.model.FrameworkMethod.invokeExplosively(FrameworkMethod.java:44)&#13;
	at org.junit.internal.runners.statements.InvokeMethod.evaluate(InvokeMethod.java:17)&#13;
	at org.junit.internal.runners.statements.ExpectException.evaluate(ExpectException.java:19)&#13;
	... 17 more&#13;
&#13;
</error>
    </testcase>
    <testcase name="shouldUpdateFerryman" classname="dao.entities.FerrymanDaoImplTest" time="0.078">
      <error>null&#13;
	at dao.entities.FerrymanDaoImpl.updateFerryman(FerrymanDaoImpl.java:85)&#13;
	at dao.entities.FerrymanDaoImplTest.shouldUpdateFerryman(FerrymanDaoImplTest.java:114)&#13;
	at sun.reflect.NativeMethodAccessorImpl.invoke0(Native Method)&#13;
	at sun.reflect.NativeMethodAccessorImpl.invoke(Unknown Source)&#13;
	at sun.reflect.DelegatingMethodAccessorImpl.invoke(Unknown Source)&#13;
	at java.lang.reflect.Method.invoke(Unknown Source)&#13;
	at org.junit.runners.model.FrameworkMethod$1.runReflectiveCall(FrameworkMethod.java:47)&#13;
	at org.junit.internal.runners.model.ReflectiveCallable.run(ReflectiveCallable.java:12)&#13;
	at org.junit.runners.model.FrameworkMethod.invokeExplosively(FrameworkMethod.java:44)&#13;
	at org.junit.internal.runners.statements.InvokeMethod.evaluate(InvokeMethod.java:17)&#13;
	at org.junit.internal.runners.statements.RunBefores.evaluate(RunBefores.java:26)&#13;
	at org.junit.internal.runners.statements.RunAfters.evaluate(RunAfters.java:27)&#13;
	at org.junit.runners.ParentRunner.runLeaf(ParentRunner.java:271)&#13;
	at org.junit.runners.BlockJUnit4ClassRunner.runChild(BlockJUnit4ClassRunner.java:70)&#13;
	at org.junit.runners.BlockJUnit4ClassRunner.runChild(BlockJUnit4ClassRunner.java:50)&#13;
	at org.junit.runners.ParentRunner$3.run(ParentRunner.java:238)&#13;
	at org.junit.runners.ParentRunner$1.schedule(ParentRunner.java:63)&#13;
	at org.junit.runners.ParentRunner.runChildren(ParentRunner.java:236)&#13;
	at org.junit.runners.ParentRunner.access$000(ParentRunner.java:53)&#13;
	at org.junit.runners.ParentRunner$2.evaluate(ParentRunner.java:229)&#13;
	at org.junit.runners.ParentRunner.run(ParentRunner.java:309)&#13;
	at org.eclipse.jdt.internal.junit4.runner.JUnit4TestReference.run(JUnit4TestReference.java:50)&#13;
	at org.eclipse.jdt.internal.junit.runner.TestExecution.run(TestExecution.java:38)&#13;
	at org.eclipse.jdt.internal.junit.runner.RemoteTestRunner.runTests(RemoteTestRunner.java:459)&#13;
	at org.eclipse.jdt.internal.junit.runner.RemoteTestRunner.runTests(RemoteTestRunner.java:675)&#13;
	at org.eclipse.jdt.internal.junit.runner.RemoteTestRunner.run(RemoteTestRunner.java:382)&#13;
	at org.eclipse.jdt.internal.junit.runner.RemoteTestRunner.main(RemoteTestRunner.java:192)&#13;
&#13;
</error>
    </testcase>
    <testcase name="shouldCreateFerryman" classname="dao.entities.FerrymanDaoImplTest" time="0.047"/>
    <testcase name="shouldCreateFerrymanThrowElementExistInDatabaseException" classname="dao.entities.FerrymanDaoImplTest" time="0.047"/>
    <testcase name="shouldDeleteFerryman" classname="dao.entities.FerrymanDaoImplTest" time="0.078"/>
    <testcase name="shouldCreateFerrymanThrowNonUniqueDataException" classname="dao.entities.FerrymanDaoImplTest" time="0.047"/>
  </testsuite>
  <testsuite name="tools.xml.XMLReaderAndWriterImplTest" time="3.088">
    <testcase name="shouldAddOneFerrymanWithOneTarifInPriceList" classname="tools.xml.XMLReaderAndWriterImplTest" time="2.73"/>
    <testcase name="shouldAddOneUser" classname="tools.xml.XMLReaderAndWriterImplTest" time="0.14"/>
    <testcase name="shouldAddOneFerryman" classname="tools.xml.XMLReaderAndWriterImplTest" time="0.125"/>
    <testcase name="shouldAddSequence" classname="tools.xml.XMLReaderAndWriterImplTest" time="0.093"/>
  </testsuite>
</testrun>
