<?xml version="1.0" encoding="UTF-8" ?>
<testsuite failures="0" time="0.453" errors="0" skipped="0" tests="4" name="tools.xml.XMLReaderAndWriterImplTest">
  <properties>
[...]
</properties>
  <testcase time="0.235" classname="tools.xml.XMLReaderAndWriterImplTest" name="shouldAddOneFerrymanWithOneTarifInPriceList"/>
  <testcase time="0.109" classname="tools.xml.XMLReaderAndWriterImplTest" name="shouldAddOneUser"/>
  <testcase time="0.062" classname="tools.xml.XMLReaderAndWriterImplTest" name="shouldAddOneFerryman"/>
  <testcase time="0.047" classname="tools.xml.XMLReaderAndWriterImplTest" name="shouldAddSequence"/>
</testsuite>